<?xml version="1.0" encoding="UTF-8"?>
<!-- Generated by org.testng.reporters.JUnitXMLReporter -->
<testsuite hostname="PL-L-R90JMS9U" ignored="0" tests="18" failures="0" timestamp="30 gru 2016 11:59:11 GMT" time="20.801" errors="0">
  <testcase name="@BeforeTest before" time="0.0" classname="OrderToOmsTest">
    <failure type="com.microsoft.sqlserver.jdbc.SQLServerException" message="This driver is not configured for integrated authentication. ClientConnectionId:c8b15889-98cc-4f71-9bb2-6d27de008075">
      <![CDATA[com.microsoft.sqlserver.jdbc.SQLServerException: This driver is not configured for integrated authentication. ClientConnectionId:c8b15889-98cc-4f71-9bb2-6d27de008075
	at com.microsoft.sqlserver.jdbc.SQLServerConnection.terminate(SQLServerConnection.java:2392)
	at com.microsoft.sqlserver.jdbc.AuthenticationJNI.<init>(AuthenticationJNI.java:85)
	at com.microsoft.sqlserver.jdbc.SQLServerConnection.logon(SQLServerConnection.java:3160)
	at com.microsoft.sqlserver.jdbc.SQLServerConnection.access$100(SQLServerConnection.java:61)
	at com.microsoft.sqlserver.jdbc.SQLServerConnection$LogonCommand.doExecute(SQLServerConnection.java:3151)
	at com.microsoft.sqlserver.jdbc.TDSCommand.execute(IOBuffer.java:7535)
	at com.microsoft.sqlserver.jdbc.SQLServerConnection.executeCommand(SQLServerConnection.java:2438)
	at com.microsoft.sqlserver.jdbc.SQLServerConnection.connectHelper(SQLServerConnection.java:1973)
	at com.microsoft.sqlserver.jdbc.SQLServerConnection.login(SQLServerConnection.java:1616)
	at com.microsoft.sqlserver.jdbc.SQLServerConnection.connectInternal(SQLServerConnection.java:1447)
	at com.microsoft.sqlserver.jdbc.SQLServerConnection.connect(SQLServerConnection.java:788)
	at com.microsoft.sqlserver.jdbc.SQLServerDriver.connect(SQLServerDriver.java:1187)
	at java.sql.DriverManager.getConnection(DriverManager.java:664)
	at java.sql.DriverManager.getConnection(DriverManager.java:247)
	at common.SqlMethods.initDB(SqlMethods.java:100)
	at common.SqlMethods.updateDB(SqlMethods.java:106)
	at common.SqlMethods.BindingGeneralApprovalSetNo(SqlMethods.java:21)
	at OrderToOmsTest.before(OrderToOmsTest.java:38)
Caused by: java.lang.UnsatisfiedLinkError: no sqljdbc_auth in java.library.path
	at java.lang.ClassLoader.loadLibrary(ClassLoader.java:1867)
	at java.lang.Runtime.loadLibrary0(Runtime.java:870)
	at java.lang.System.loadLibrary(System.java:1122)
	at com.microsoft.sqlserver.jdbc.AuthenticationJNI.<clinit>(AuthenticationJNI.java:58)
	... 49 more
... Removed 33 stack frames]]>
    </failure>
  </testcase> <!-- @BeforeTest before -->
  <testcase name="@BeforeTest before" time="0.0" classname="PositiveApprovalForNewQuotationTest">
    <skipped/>
  </testcase> <!-- @BeforeTest before -->
  <testcase name="@BeforeMethod before" time="0.0" classname="LoginTest">
    <skipped/>
  </testcase> <!-- @BeforeMethod before -->
  <testcase name="@AfterMethod after" time="0.0" classname="LoginTest">
    <skipped/>
  </testcase> <!-- @AfterMethod after -->
  <testcase name="@BeforeMethod before" time="0.0" classname="LoginTest">
    <skipped/>
  </testcase> <!-- @BeforeMethod before -->
  <testcase name="@AfterMethod after" time="0.0" classname="LoginTest">
    <skipped/>
  </testcase> <!-- @AfterMethod after -->
  <testcase name="@BeforeMethod before" time="0.0" classname="LoginTest">
    <skipped/>
  </testcase> <!-- @BeforeMethod before -->
  <testcase name="@AfterMethod after" time="0.0" classname="LoginTest">
    <skipped/>
  </testcase> <!-- @AfterMethod after -->
  <testcase name="@BeforeMethod before" time="0.0" classname="LoginTest">
    <skipped/>
  </testcase> <!-- @BeforeMethod before -->
  <testcase name="@AfterMethod after" time="0.0" classname="LoginTest">
    <skipped/>
  </testcase> <!-- @AfterMethod after -->
  <testcase name="@AfterTest after" time="0.0" classname="CreateSupportTest">
    <skipped/>
  </testcase> <!-- @AfterTest after -->
  <testcase name="@AfterTest after" time="0.0" classname="OrderToOmsTest">
    <skipped/>
  </testcase> <!-- @AfterTest after -->
  <testcase name="@AfterTest after" time="0.0" classname="PositiveApprovalForNewQuotationTest">
    <skipped/>
  </testcase> <!-- @AfterTest after -->
  <testcase name="shouldLogIntoToCqp" time="0.0" classname="CreateSupportTest">
    <skipped/>
  </testcase> <!-- shouldLogIntoToCqp -->
  <testcase name="shouldLogInToCqp" time="0.0" classname="LoginTest">
    <skipped/>
  </testcase> <!-- shouldLogInToCqp -->
  <testcase name="shouldLogIntoToCqp" time="0.0" classname="OrderToOmsTest">
    <skipped/>
  </testcase> <!-- shouldLogIntoToCqp -->
  <testcase name="shouldLogIntoToCqp" time="0.0" classname="PositiveApprovalForNewQuotationTest">
    <skipped/>
  </testcase> <!-- shouldLogIntoToCqp -->
  <testcase name="shouldCreateQuotation" time="0.0" classname="CreateSupportTest">
    <skipped/>
  </testcase> <!-- shouldCreateQuotation -->
  <testcase name="shouldShowUnauthorizedMessageLogInWithEmptyFields" time="0.0" classname="LoginTest">
    <skipped/>
  </testcase> <!-- shouldShowUnauthorizedMessageLogInWithEmptyFields -->
  <testcase name="shouldCreateQuotation" time="0.0" classname="OrderToOmsTest">
    <skipped/>
  </testcase> <!-- shouldCreateQuotation -->
  <testcase name="shouldCreateQuotation" time="0.0" classname="PositiveApprovalForNewQuotationTest">
    <skipped/>
  </testcase> <!-- shouldCreateQuotation -->
  <testcase name="shouldAddProducts" time="0.0" classname="CreateSupportTest">
    <skipped/>
  </testcase> <!-- shouldAddProducts -->
  <testcase name="shouldShowUnauthorizedMessageLogInWithWrongPassword" time="0.0" classname="LoginTest">
    <skipped/>
  </testcase> <!-- shouldShowUnauthorizedMessageLogInWithWrongPassword -->
  <testcase name="shouldAddProducts" time="0.0" classname="OrderToOmsTest">
    <skipped/>
  </testcase> <!-- shouldAddProducts -->
  <testcase name="shouldAddProducts" time="0.0" classname="PositiveApprovalForNewQuotationTest">
    <skipped/>
  </testcase> <!-- shouldAddProducts -->
  <testcase name="shouldStartSupportRequest" time="0.001" classname="CreateSupportTest">
    <skipped/>
  </testcase> <!-- shouldStartSupportRequest -->
  <testcase name="shouldShowUnauthorizedMessageLogInWithWrongUsername" time="0.0" classname="LoginTest">
    <skipped/>
  </testcase> <!-- shouldShowUnauthorizedMessageLogInWithWrongUsername -->
  <testcase name="shouldGenerateAndIssueDocument" time="0.0" classname="OrderToOmsTest">
    <skipped/>
  </testcase> <!-- shouldGenerateAndIssueDocument -->
  <testcase name="shouldStartApproval" time="0.0" classname="PositiveApprovalForNewQuotationTest">
    <skipped/>
  </testcase> <!-- shouldStartApproval -->
  <testcase name="shouldOpenRequest" time="0.0" classname="CreateSupportTest">
    <skipped/>
  </testcase> <!-- shouldOpenRequest -->
  <testcase name="shouldReplyToRequest" time="0.0" classname="CreateSupportTest">
    <skipped/>
  </testcase> <!-- shouldReplyToRequest -->
</testsuite>
