<?xml version="1.0" encoding="UTF-8" ?>
<testsuite tests="31" failures="1" name="TestSuite" time="42.184" errors="0" skipped="30">
  <properties>
    <property name="java.runtime.name" value="Java(TM) SE Runtime Environment"/>
    <property name="sun.boot.library.path" value="C:\Program Files\Java\jdk1.8.0_92\jre\bin"/>
    <property name="java.vm.version" value="25.92-b14"/>
    <property name="user.country.format" value="PL"/>
    <property name="java.vm.vendor" value="Oracle Corporation"/>
    <property name="maven.multiModuleProjectDirectory" value="C:\Users\pljahas\Desktop\CQP"/>
    <property name="java.vendor.url" value="http://java.oracle.com/"/>
    <property name="path.separator" value=";"/>
    <property name="guice.disable.misplaced.annotation.check" value="true"/>
    <property name="java.vm.name" value="Java HotSpot(TM) 64-Bit Server VM"/>
    <property name="file.encoding.pkg" value="sun.io"/>
    <property name="user.script" value=""/>
    <property name="user.country" value="US"/>
    <property name="sun.java.launcher" value="SUN_STANDARD"/>
    <property name="sun.os.patch.level" value="Service Pack 1"/>
    <property name="java.vm.specification.name" value="Java Virtual Machine Specification"/>
    <property name="user.dir" value="C:\Users\pljahas\Desktop\CQP"/>
    <property name="java.runtime.version" value="1.8.0_92-b14"/>
    <property name="java.awt.graphicsenv" value="sun.awt.Win32GraphicsEnvironment"/>
    <property name="java.endorsed.dirs" value="C:\Program Files\Java\jdk1.8.0_92\jre\lib\endorsed"/>
    <property name="os.arch" value="amd64"/>
    <property name="java.io.tmpdir" value="C:\Users\pljahas\AppData\Local\Temp\"/>
    <property name="line.separator" value="
"/>
    <property name="java.vm.specification.vendor" value="Oracle Corporation"/>
    <property name="user.variant" value=""/>
    <property name="os.name" value="Windows 7"/>
    <property name="classworlds.conf" value="C:\Users\pljahas\Desktop\Testy Auto tematyczne\apache-maven-3.3.9\bin\..\bin\m2.conf"/>
    <property name="sun.jnu.encoding" value="Cp1250"/>
    <property name="java.library.path" value="C:\Program Files\Java\jdk1.8.0_92\bin;C:\Windows\Sun\Java\bin;C:\Windows\system32;C:\Windows;C:\ProgramData\Oracle\Java\javapath;C:\Program Files (x86)\Intel\iCLS Client\;C:\Program Files\Intel\iCLS Client\;C:\Windows\system32;C:\Windows;C:\Windows\System32\Wbem;C:\Windows\System32\WindowsPowerShell\v1.0\;C:\Program Files (x86)\Intel\OpenCL SDK\3.0\bin\x86;C:\Program Files (x86)\Intel\OpenCL SDK\3.0\bin\x64;C:\Windows\System32\WindowsPowerShell\v1.0\;C:\Program Files\Intel\Intel(R) Management Engine Components\DAL;C:\Program Files\Intel\Intel(R) Management Engine Components\IPT;C:\Program Files (x86)\IBM\Lotus\Notes;C:\Program Files (x86)\Sennheiser\SoftphoneSDK\;c:\Program Files (x86)\Microsoft SQL Server\110\Tools\Binn\ManagementStudio\;c:\Program Files (x86)\Microsoft SQL Server\110\Tools\Binn\;c:\Program Files\Microsoft SQL Server\110\Tools\Binn\;c:\Program Files (x86)\Microsoft SQL Server\110\DTS\Binn\;C:\Program Files (x86)\Java\jre1.8.0_73\bin;C:\Users\pljahas\.dnx\bin;C:\Program Files\Microsoft DNX\Dnvm\;C:\Program Files\Microsoft SQL Server\130\Tools\Binn\;C:\Users\pljahas\Desktop\Testy Auto tematyczne\;C:\Program Files\Git\cmd;C:\Program Files\Intel\WiFi\bin\;C:\Program Files\Common Files\Intel\WirelessCommon\;C:\Users\pljahas\Desktop\Testy Auto tematyczne\apache-maven-3.3.9/bin;C:\Program Files\Java\jdk1.8.0_92/bin;C:\Program Files\Intel\WiFi\bin\;C:\Program Files\Common Files\Intel\WirelessCommon\;."/>
    <property name="java.specification.name" value="Java Platform API Specification"/>
    <property name="java.class.version" value="52.0"/>
    <property name="sun.management.compiler" value="HotSpot 64-Bit Tiered Compilers"/>
    <property name="os.version" value="6.1"/>
    <property name="user.home" value="C:\Users\pljahas"/>
    <property name="user.timezone" value="Europe/Belgrade"/>
    <property name="java.awt.printerjob" value="sun.awt.windows.WPrinterJob"/>
    <property name="java.specification.version" value="1.8"/>
    <property name="file.encoding" value="Cp1250"/>
    <property name="user.name" value="PLJAHAS"/>
    <property name="java.class.path" value="C:\Users\pljahas\Desktop\Testy Auto tematyczne\apache-maven-3.3.9\bin\..\boot\plexus-classworlds-2.5.2.jar"/>
    <property name="java.vm.specification.version" value="1.8"/>
    <property name="sun.arch.data.model" value="64"/>
    <property name="java.home" value="C:\Program Files\Java\jdk1.8.0_92\jre"/>
    <property name="sun.java.command" value="org.codehaus.plexus.classworlds.launcher.Launcher install -Pbuild42"/>
    <property name="java.specification.vendor" value="Oracle Corporation"/>
    <property name="user.language" value="en"/>
    <property name="user.language.format" value="pl"/>
    <property name="awt.toolkit" value="sun.awt.windows.WToolkit"/>
    <property name="java.vm.info" value="mixed mode"/>
    <property name="java.version" value="1.8.0_92"/>
    <property name="java.ext.dirs" value="C:\Program Files\Java\jdk1.8.0_92\jre\lib\ext;C:\Windows\Sun\Java\lib\ext"/>
    <property name="sun.boot.class.path" value="C:\Program Files\Java\jdk1.8.0_92\jre\lib\resources.jar;C:\Program Files\Java\jdk1.8.0_92\jre\lib\rt.jar;C:\Program Files\Java\jdk1.8.0_92\jre\lib\sunrsasign.jar;C:\Program Files\Java\jdk1.8.0_92\jre\lib\jsse.jar;C:\Program Files\Java\jdk1.8.0_92\jre\lib\jce.jar;C:\Program Files\Java\jdk1.8.0_92\jre\lib\charsets.jar;C:\Program Files\Java\jdk1.8.0_92\jre\lib\jfr.jar;C:\Program Files\Java\jdk1.8.0_92\jre\classes"/>
    <property name="sun.stderr.encoding" value="cp852"/>
    <property name="java.vendor" value="Oracle Corporation"/>
    <property name="maven.home" value="C:\Users\pljahas\Desktop\Testy Auto tematyczne\apache-maven-3.3.9\bin\.."/>
    <property name="file.separator" value="\"/>
    <property name="java.vendor.url.bug" value="http://bugreport.sun.com/bugreport/"/>
    <property name="sun.cpu.endian" value="little"/>
    <property name="sun.io.unicode.encoding" value="UnicodeLittle"/>
    <property name="sun.stdout.encoding" value="cp852"/>
    <property name="sun.desktop" value="windows"/>
    <property name="sun.cpu.isalist" value="amd64"/>
  </properties>
  <testcase classname="CreateSupportTest" name="before" time="21.085">
    <failure message="This driver is not configured for integrated authentication. ClientConnectionId:c8b15889-98cc-4f71-9bb2-6d27de008075" type="com.microsoft.sqlserver.jdbc.SQLServerException">com.microsoft.sqlserver.jdbc.SQLServerException: This driver is not configured for integrated authentication. ClientConnectionId:c8b15889-98cc-4f71-9bb2-6d27de008075
	at com.microsoft.sqlserver.jdbc.SQLServerConnection.terminate(SQLServerConnection.java:2392)
	at com.microsoft.sqlserver.jdbc.AuthenticationJNI.&lt;init&gt;(AuthenticationJNI.java:85)
	at com.microsoft.sqlserver.jdbc.SQLServerConnection.logon(SQLServerConnection.java:3160)
	at com.microsoft.sqlserver.jdbc.SQLServerConnection.access$100(SQLServerConnection.java:61)
	at com.microsoft.sqlserver.jdbc.SQLServerConnection$LogonCommand.doExecute(SQLServerConnection.java:3151)
	at com.microsoft.sqlserver.jdbc.TDSCommand.execute(IOBuffer.java:7535)
	at com.microsoft.sqlserver.jdbc.SQLServerConnection.executeCommand(SQLServerConnection.java:2438)
	at com.microsoft.sqlserver.jdbc.SQLServerConnection.connectHelper(SQLServerConnection.java:1973)
	at com.microsoft.sqlserver.jdbc.SQLServerConnection.login(SQLServerConnection.java:1616)
	at com.microsoft.sqlserver.jdbc.SQLServerConnection.connectInternal(SQLServerConnection.java:1447)
	at com.microsoft.sqlserver.jdbc.SQLServerConnection.connect(SQLServerConnection.java:788)
	at com.microsoft.sqlserver.jdbc.SQLServerDriver.connect(SQLServerDriver.java:1187)
	at java.sql.DriverManager.getConnection(DriverManager.java:664)
	at java.sql.DriverManager.getConnection(DriverManager.java:247)
	at common.SqlMethods.initDB(SqlMethods.java:100)
	at common.SqlMethods.updateDB(SqlMethods.java:106)
	at common.SqlMethods.BindingGeneralApprovalSetNo(SqlMethods.java:21)
	at OrderToOmsTest.before(OrderToOmsTest.java:38)
	at sun.reflect.NativeMethodAccessorImpl.invoke0(Native Method)
	at sun.reflect.NativeMethodAccessorImpl.invoke(NativeMethodAccessorImpl.java:62)
	at sun.reflect.DelegatingMethodAccessorImpl.invoke(DelegatingMethodAccessorImpl.java:43)
	at java.lang.reflect.Method.invoke(Method.java:498)
	at org.testng.internal.MethodInvocationHelper.invokeMethod(MethodInvocationHelper.java:104)
	at org.testng.internal.Invoker.invokeConfigurationMethod(Invoker.java:515)
	at org.testng.internal.Invoker.invokeConfigurations(Invoker.java:217)
	at org.testng.internal.Invoker.invokeConfigurations(Invoker.java:144)
	at org.testng.TestRunner.beforeRun(TestRunner.java:634)
	at org.testng.TestRunner.run(TestRunner.java:602)
	at org.testng.SuiteRunner.runTest(SuiteRunner.java:387)
	at org.testng.SuiteRunner.runSequentially(SuiteRunner.java:382)
	at org.testng.SuiteRunner.privateRun(SuiteRunner.java:340)
	at org.testng.SuiteRunner.run(SuiteRunner.java:289)
	at org.testng.SuiteRunnerWorker.runSuite(SuiteRunnerWorker.java:52)
	at org.testng.SuiteRunnerWorker.run(SuiteRunnerWorker.java:86)
	at org.testng.TestNG.runSuitesSequentially(TestNG.java:1293)
	at org.testng.TestNG.runSuitesLocally(TestNG.java:1218)
	at org.testng.TestNG.runSuites(TestNG.java:1133)
	at org.testng.TestNG.run(TestNG.java:1104)
	at org.apache.maven.surefire.testng.TestNGExecutor.run(TestNGExecutor.java:77)
	at org.apache.maven.surefire.testng.TestNGDirectoryTestSuite.executeMulti(TestNGDirectoryTestSuite.java:159)
	at org.apache.maven.surefire.testng.TestNGDirectoryTestSuite.execute(TestNGDirectoryTestSuite.java:99)
	at org.apache.maven.surefire.testng.TestNGProvider.invoke(TestNGProvider.java:106)
	at sun.reflect.NativeMethodAccessorImpl.invoke0(Native Method)
	at sun.reflect.NativeMethodAccessorImpl.invoke(NativeMethodAccessorImpl.java:62)
	at sun.reflect.DelegatingMethodAccessorImpl.invoke(DelegatingMethodAccessorImpl.java:43)
	at java.lang.reflect.Method.invoke(Method.java:498)
	at org.apache.maven.surefire.util.ReflectionUtils.invokeMethodWithArray(ReflectionUtils.java:189)
	at org.apache.maven.surefire.booter.ProviderFactory$ProviderProxy.invoke(ProviderFactory.java:165)
	at org.apache.maven.surefire.booter.ProviderFactory.invokeProvider(ProviderFactory.java:85)
	at org.apache.maven.surefire.booter.ForkedBooter.runSuitesInProcess(ForkedBooter.java:115)
	at org.apache.maven.surefire.booter.ForkedBooter.main(ForkedBooter.java:75)
Caused by: java.lang.UnsatisfiedLinkError: no sqljdbc_auth in java.library.path
	at java.lang.ClassLoader.loadLibrary(ClassLoader.java:1867)
	at java.lang.Runtime.loadLibrary0(Runtime.java:870)
	at java.lang.System.loadLibrary(System.java:1122)
	at com.microsoft.sqlserver.jdbc.AuthenticationJNI.&lt;clinit&gt;(AuthenticationJNI.java:58)
	... 49 more
Caused by: java.lang.UnsatisfiedLinkError: no sqljdbc_auth in java.library.path
	at java.lang.ClassLoader.loadLibrary(ClassLoader.java:1867)
	at java.lang.Runtime.loadLibrary0(Runtime.java:870)
	at java.lang.System.loadLibrary(System.java:1122)
	at com.microsoft.sqlserver.jdbc.AuthenticationJNI.&lt;clinit&gt;(AuthenticationJNI.java:58)
	... 49 more
</failure>
    <system-out>Configuring TestNG with: org.apache.maven.surefire.testng.conf.TestNG652Configurator@1c6b6478
</system-out>
    <system-err>Starting ChromeDriver 2.26.436362 (5476ec6bf7ccbada1734a0cdec7d570bb042aa30) on port 11974
Only local connections are allowed.
Starting ChromeDriver 2.26.436362 (5476ec6bf7ccbada1734a0cdec7d570bb042aa30) on port 37528
Only local connections are allowed.
gru 30, 2016 12:58:57 PM com.microsoft.sqlserver.jdbc.AuthenticationJNI &lt;clinit&gt;
WARNING: Failed to load the sqljdbc_auth.dll cause : no sqljdbc_auth in java.library.path
</system-err>
  </testcase>
  <testcase classname="CreateSupportTest" name="before" time="21.09">
    <skipped/>
  </testcase>
  <testcase classname="CreateSupportTest" name="shouldLogIntoToCqp" time="0">
    <skipped/>
  </testcase>
  <testcase classname="LoginTest" name="before" time="0.001">
    <skipped/>
  </testcase>
  <testcase classname="LoginTest" name="shouldLogInToCqp" time="0.001">
    <skipped/>
  </testcase>
  <testcase classname="LoginTest" name="after" time="0.001">
    <skipped/>
  </testcase>
  <testcase classname="OrderToOmsTest" name="shouldLogIntoToCqp" time="0">
    <skipped/>
  </testcase>
  <testcase classname="PositiveApprovalForNewQuotationTest" name="shouldLogIntoToCqp" time="0">
    <skipped/>
  </testcase>
  <testcase classname="CreateSupportTest" name="shouldCreateQuotation" time="0">
    <skipped/>
  </testcase>
  <testcase classname="LoginTest" name="before" time="0.001">
    <skipped/>
  </testcase>
  <testcase classname="LoginTest" name="shouldShowUnauthorizedMessageLogInWithEmptyFields" time="0">
    <skipped/>
  </testcase>
  <testcase classname="LoginTest" name="after" time="0">
    <skipped/>
  </testcase>
  <testcase classname="OrderToOmsTest" name="shouldCreateQuotation" time="0">
    <skipped/>
  </testcase>
  <testcase classname="PositiveApprovalForNewQuotationTest" name="shouldCreateQuotation" time="0">
    <skipped/>
  </testcase>
  <testcase classname="CreateSupportTest" name="shouldAddProducts" time="0">
    <skipped/>
  </testcase>
  <testcase classname="LoginTest" name="before" time="0">
    <skipped/>
  </testcase>
  <testcase classname="LoginTest" name="shouldShowUnauthorizedMessageLogInWithWrongPassword" time="0">
    <skipped/>
  </testcase>
  <testcase classname="LoginTest" name="after" time="0">
    <skipped/>
  </testcase>
  <testcase classname="OrderToOmsTest" name="shouldAddProducts" time="0">
    <skipped/>
  </testcase>
  <testcase classname="PositiveApprovalForNewQuotationTest" name="shouldAddProducts" time="0">
    <skipped/>
  </testcase>
  <testcase classname="CreateSupportTest" name="shouldStartSupportRequest" time="0">
    <skipped/>
  </testcase>
  <testcase classname="LoginTest" name="before" time="0.005">
    <skipped/>
  </testcase>
  <testcase classname="LoginTest" name="shouldShowUnauthorizedMessageLogInWithWrongUsername" time="0">
    <skipped/>
  </testcase>
  <testcase classname="LoginTest" name="after" time="0">
    <skipped/>
  </testcase>
  <testcase classname="OrderToOmsTest" name="shouldGenerateAndIssueDocument" time="0">
    <skipped/>
  </testcase>
  <testcase classname="PositiveApprovalForNewQuotationTest" name="shouldStartApproval" time="0">
    <skipped/>
  </testcase>
  <testcase classname="CreateSupportTest" name="shouldOpenRequest" time="0">
    <skipped/>
  </testcase>
  <testcase classname="CreateSupportTest" name="shouldReplyToRequest" time="0">
    <skipped/>
  </testcase>
  <testcase classname="CreateSupportTest" name="after" time="0">
    <skipped/>
  </testcase>
  <testcase classname="CreateSupportTest" name="after" time="0">
    <skipped/>
  </testcase>
  <testcase classname="CreateSupportTest" name="after" time="0">
    <skipped/>
  </testcase>
</testsuite>